# JRE version: OpenJDK Runtime Environment Temurin-17.0.8.1+1 (17.0.8.1+1) (build 17.0.8.1+1)
# Java VM: OpenJDK 64-Bit Server VM Temurin-17.0.8.1+1 (17.0.8.1+1, mixed mode, tiered, compressed oops, compressed class ptrs, parallel gc, windows-amd64)
GC Precious Log:
 CPUs: 8 total, 8 available
 Memory: 16251M
 Large Page Support: Disabled
 NUMA Support: Disabled
 Compressed Oops: Enabled (32-bit)
 Alignments: Space 512K, Generation 512K, Heap 2M
 Heap Min Capacity: 100M
 Heap Initial Capacity: 100M
 Heap Max Capacity: 1G
 Pre-touch: Disabled
 Parallel Workers: 8
Heap:
 PSYoungGen      total 4096K, used 1408K [0x00000000eab00000, 0x00000000eb200000, 0x0000000100000000)
  eden space 3584K, 31% used [0x00000000eab00000,0x00000000eac18380,0x00000000eae80000)
  from space 512K, 56% used [0x00000000eb180000,0x00000000eb1c8000,0x00000000eb200000)
  to   space 1024K, 0% used [0x00000000eb000000,0x00000000eb000000,0x00000000eb100000)
 ParOldGen       total 209408K, used 187185K [0x00000000c0000000, 0x00000000ccc80000, 0x00000000eab00000)
  object space 209408K, 89% used [0x00000000c0000000,0x00000000cb6cc6e8,0x00000000ccc80000)
 Metaspace       used 55318K, committed 56320K, reserved 1114112K
  class space    used 5964K, committed 6464K, reserved 1048576K
GC Heap History (20 events):
Event: 25.719 GC heap before
{Heap before GC invocations=264 (full 13):
 PSYoungGen      total 8704K, used 8513K [0x00000000eab00000, 0x00000000eb780000, 0x0000000100000000)
  eden space 6656K, 100% used [0x00000000eab00000,0x00000000eb180000,0x00000000eb180000)
  from space 2048K, 90% used [0x00000000eb580000,0x00000000eb750698,0x00000000eb780000)
  to   space 2560K, 0% used [0x00000000eb280000,0x00000000eb280000,0x00000000eb500000)
 ParOldGen       total 209408K, used 168502K [0x00000000c0000000, 0x00000000ccc80000, 0x00000000eab00000)
  object space 209408K, 80% used [0x00000000c0000000,0x00000000ca48da40,0x00000000ccc80000)
 Metaspace       used 55220K, committed 56256K, reserved 1114112K
  class space    used 5961K, committed 6464K, reserved 1048576K
}
Event: 25.722 GC heap after
{Heap after GC invocations=264 (full 13):
 PSYoungGen      total 9216K, used 2542K [0x00000000eab00000, 0x00000000eba80000, 0x0000000100000000)
  eden space 6656K, 0% used [0x00000000eab00000,0x00000000eab00000,0x00000000eb180000)
  from space 2560K, 99% used [0x00000000eb280000,0x00000000eb4fb8b8,0x00000000eb500000)
  to   space 4608K, 0% used [0x00000000eb600000,0x00000000eb600000,0x00000000eba80000)
 ParOldGen       total 209408K, used 169950K [0x00000000c0000000, 0x00000000ccc80000, 0x00000000eab00000)
  object space 209408K, 81% used [0x00000000c0000000,0x00000000ca5f7a40,0x00000000ccc80000)
 Metaspace       used 55220K, committed 56256K, reserved 1114112K
  class space    used 5961K, committed 6464K, reserved 1048576K
}
Event: 25.769 GC heap before
{Heap before GC invocations=265 (full 13):
 PSYoungGen      total 9216K, used 9198K [0x00000000eab00000, 0x00000000eba80000, 0x0000000100000000)
  eden space 6656K, 100% used [0x00000000eab00000,0x00000000eb180000,0x00000000eb180000)
  from space 2560K, 99% used [0x00000000eb280000,0x00000000eb4fb8b8,0x00000000eb500000)
  to   space 4608K, 0% used [0x00000000eb600000,0x00000000eb600000,0x00000000eba80000)
 ParOldGen       total 209408K, used 169950K [0x00000000c0000000, 0x00000000ccc80000, 0x00000000eab00000)
  object space 209408K, 81% used [0x00000000c0000000,0x00000000ca5f7a40,0x00000000ccc80000)
 Metaspace       used 55224K, committed 56256K, reserved 1114112K
  class space    used 5962K, committed 6464K, reserved 1048576K
}
Event: 25.774 GC heap after
{Heap after GC invocations=265 (full 13):
 PSYoungGen      total 5632K, used 4579K [0x00000000eab00000, 0x00000000ec580000, 0x0000000100000000)
  eden space 1024K, 0% used [0x00000000eab00000,0x00000000eab00000,0x00000000eac00000)
  from space 4608K, 99% used [0x00000000eb600000,0x00000000eba78f00,0x00000000eba80000)
  to   space 10240K, 0% used [0x00000000eac00000,0x00000000eac00000,0x00000000eb600000)
 ParOldGen       total 209408K, used 174310K [0x00000000c0000000, 0x00000000ccc80000, 0x00000000eab00000)
  object space 209408K, 83% used [0x00000000c0000000,0x00000000caa39a40,0x00000000ccc80000)
 Metaspace       used 55224K, committed 56256K, reserved 1114112K
  class space    used 5962K, committed 6464K, reserved 1048576K
}
Event: 25.778 GC heap before
{Heap before GC invocations=266 (full 13):
 PSYoungGen      total 5632K, used 5518K [0x00000000eab00000, 0x00000000ec580000, 0x0000000100000000)
  eden space 1024K, 91% used [0x00000000eab00000,0x00000000eabeab48,0x00000000eac00000)
  from space 4608K, 99% used [0x00000000eb600000,0x00000000eba78f00,0x00000000eba80000)
  to   space 10240K, 0% used [0x00000000eac00000,0x00000000eac00000,0x00000000eb600000)
 ParOldGen       total 209408K, used 174310K [0x00000000c0000000, 0x00000000ccc80000, 0x00000000eab00000)
  object space 209408K, 83% used [0x00000000c0000000,0x00000000caa39a40,0x00000000ccc80000)
 Metaspace       used 55224K, committed 56256K, reserved 1114112K
  class space    used 5962K, committed 6464K, reserved 1048576K
}
Event: 25.780 GC heap after
{Heap after GC invocations=266 (full 13):
 PSYoungGen      total 4096K, used 2965K [0x00000000eab00000, 0x00000000eb780000, 0x0000000100000000)
  eden space 1024K, 0% used [0x00000000eab00000,0x00000000eab00000,0x00000000eac00000)
  from space 3072K, 96% used [0x00000000eac00000,0x00000000eaee5480,0x00000000eaf00000)
  to   space 5632K, 0% used [0x00000000eb200000,0x00000000eb200000,0x00000000eb780000)
 ParOldGen       total 209408K, used 176839K [0x00000000c0000000, 0x00000000ccc80000, 0x00000000eab00000)
  object space 209408K, 84% used [0x00000000c0000000,0x00000000cacb1f58,0x00000000ccc80000)
 Metaspace       used 55224K, committed 56256K, reserved 1114112K
  class space    used 5962K, committed 6464K, reserved 1048576K
}
Event: 25.785 GC heap before
{Heap before GC invocations=267 (full 13):
 PSYoungGen      total 4096K, used 3989K [0x00000000eab00000, 0x00000000eb780000, 0x0000000100000000)
  eden space 1024K, 100% used [0x00000000eab00000,0x00000000eac00000,0x00000000eac00000)
  from space 3072K, 96% used [0x00000000eac00000,0x00000000eaee5480,0x00000000eaf00000)
  to   space 5632K, 0% used [0x00000000eb200000,0x00000000eb200000,0x00000000eb780000)
 ParOldGen       total 209408K, used 176839K [0x00000000c0000000, 0x00000000ccc80000, 0x00000000eab00000)
  object space 209408K, 84% used [0x00000000c0000000,0x00000000cacb1f58,0x00000000ccc80000)
 Metaspace       used 55230K, committed 56256K, reserved 1114112K
  class space    used 5962K, committed 6464K, reserved 1048576K
}
Event: 25.787 GC heap after
{Heap after GC invocations=267 (full 13):
 PSYoungGen      total 3584K, used 2037K [0x00000000eab00000, 0x00000000eb400000, 0x0000000100000000)
  eden space 1536K, 0% used [0x00000000eab00000,0x00000000eab00000,0x00000000eac80000)
  from space 2048K, 99% used [0x00000000eb200000,0x00000000eb3fd448,0x00000000eb400000)
  to   space 3072K, 0% used [0x00000000eae00000,0x00000000eae00000,0x00000000eb100000)
 ParOldGen       total 209408K, used 178780K [0x00000000c0000000, 0x00000000ccc80000, 0x00000000eab00000)
  object space 209408K, 85% used [0x00000000c0000000,0x00000000cae970b8,0x00000000ccc80000)
 Metaspace       used 55230K, committed 56256K, reserved 1114112K
  class space    used 5962K, committed 6464K, reserved 1048576K
}
Event: 25.801 GC heap before
{Heap before GC invocations=268 (full 13):
 PSYoungGen      total 3584K, used 3552K [0x00000000eab00000, 0x00000000eb400000, 0x0000000100000000)
  eden space 1536K, 98% used [0x00000000eab00000,0x00000000eac7af28,0x00000000eac80000)
  from space 2048K, 99% used [0x00000000eb200000,0x00000000eb3fd448,0x00000000eb400000)
  to   space 3072K, 0% used [0x00000000eae00000,0x00000000eae00000,0x00000000eb100000)
 ParOldGen       total 209408K, used 178780K [0x00000000c0000000, 0x00000000ccc80000, 0x00000000eab00000)
  object space 209408K, 85% used [0x00000000c0000000,0x00000000cae970b8,0x00000000ccc80000)
 Metaspace       used 55242K, committed 56256K, reserved 1114112K
  class space    used 5962K, committed 6464K, reserved 1048576K
}
Event: 25.803 GC heap after
{Heap after GC invocations=268 (full 13):
 PSYoungGen      total 4096K, used 1621K [0x00000000eab00000, 0x00000000eb280000, 0x0000000100000000)
  eden space 2048K, 0% used [0x00000000eab00000,0x00000000eab00000,0x00000000ead00000)
  from space 2048K, 79% used [0x00000000eae00000,0x00000000eaf95748,0x00000000eb000000)
  to   space 2048K, 0% used [0x00000000eb080000,0x00000000eb080000,0x00000000eb280000)
 ParOldGen       total 209408K, used 180247K [0x00000000c0000000, 0x00000000ccc80000, 0x00000000eab00000)
  object space 209408K, 86% used [0x00000000c0000000,0x00000000cb005ee0,0x00000000ccc80000)
 Metaspace       used 55242K, committed 56256K, reserved 1114112K
  class space    used 5962K, committed 6464K, reserved 1048576K
}
Event: 25.813 GC heap before
{Heap before GC invocations=269 (full 13):
 PSYoungGen      total 4096K, used 3669K [0x00000000eab00000, 0x00000000eb280000, 0x0000000100000000)
  eden space 2048K, 100% used [0x00000000eab00000,0x00000000ead00000,0x00000000ead00000)
  from space 2048K, 79% used [0x00000000eae00000,0x00000000eaf95748,0x00000000eb000000)
  to   space 2048K, 0% used [0x00000000eb080000,0x00000000eb080000,0x00000000eb280000)
 ParOldGen       total 209408K, used 180247K [0x00000000c0000000, 0x00000000ccc80000, 0x00000000eab00000)
  object space 209408K, 86% used [0x00000000c0000000,0x00000000cb005ee0,0x00000000ccc80000)
 Metaspace       used 55246K, committed 56320K, reserved 1114112K
  class space    used 5962K, committed 6464K, reserved 1048576K
}
Event: 25.815 GC heap after
{Heap after GC invocations=269 (full 13):
 PSYoungGen      total 4608K, used 1995K [0x00000000eab00000, 0x00000000eb280000, 0x0000000100000000)
  eden space 2560K, 0% used [0x00000000eab00000,0x00000000eab00000,0x00000000ead80000)
  from space 2048K, 97% used [0x00000000eb080000,0x00000000eb272cb0,0x00000000eb280000)
  to   space 2560K, 0% used [0x00000000ead80000,0x00000000ead80000,0x00000000eb000000)
 ParOldGen       total 209408K, used 180247K [0x00000000c0000000, 0x00000000ccc80000, 0x00000000eab00000)
  object space 209408K, 86% used [0x00000000c0000000,0x00000000cb005ee0,0x00000000ccc80000)
 Metaspace       used 55246K, committed 56320K, reserved 1114112K
  class space    used 5962K, committed 6464K, reserved 1048576K
}
Event: 25.831 GC heap before
{Heap before GC invocations=270 (full 13):
 PSYoungGen      total 4608K, used 4555K [0x00000000eab00000, 0x00000000eb280000, 0x0000000100000000)
  eden space 2560K, 100% used [0x00000000eab00000,0x00000000ead80000,0x00000000ead80000)
  from space 2048K, 97% used [0x00000000eb080000,0x00000000eb272cb0,0x00000000eb280000)
  to   space 2560K, 0% used [0x00000000ead80000,0x00000000ead80000,0x00000000eb000000)
 ParOldGen       total 209408K, used 180247K [0x00000000c0000000, 0x00000000ccc80000, 0x00000000eab00000)
  object space 209408K, 86% used [0x00000000c0000000,0x00000000cb005ee0,0x00000000ccc80000)
 Metaspace       used 55246K, committed 56320K, reserved 1114112K
  class space    used 5962K, committed 6464K, reserved 1048576K
}
Event: 25.835 GC heap after
{Heap after GC invocations=270 (full 13):
 PSYoungGen      total 5120K, used 2560K [0x00000000eab00000, 0x00000000eb800000, 0x0000000100000000)
  eden space 2560K, 0% used [0x00000000eab00000,0x00000000eab00000,0x00000000ead80000)
  from space 2560K, 100% used [0x00000000ead80000,0x00000000eb000000,0x00000000eb000000)
  to   space 5120K, 0% used [0x00000000eb300000,0x00000000eb300000,0x00000000eb800000)
 ParOldGen       total 209408K, used 182178K [0x00000000c0000000, 0x00000000ccc80000, 0x00000000eab00000)
  object space 209408K, 86% used [0x00000000c0000000,0x00000000cb1e8b90,0x00000000ccc80000)
 Metaspace       used 55246K, committed 56320K, reserved 1114112K
  class space    used 5962K, committed 6464K, reserved 1048576K
}
Event: 25.849 GC heap before
{Heap before GC invocations=271 (full 13):
 PSYoungGen      total 5120K, used 5120K [0x00000000eab00000, 0x00000000eb800000, 0x0000000100000000)
  eden space 2560K, 100% used [0x00000000eab00000,0x00000000ead80000,0x00000000ead80000)
  from space 2560K, 100% used [0x00000000ead80000,0x00000000eb000000,0x00000000eb000000)
  to   space 5120K, 0% used [0x00000000eb300000,0x00000000eb300000,0x00000000eb800000)
 ParOldGen       total 209408K, used 182178K [0x00000000c0000000, 0x00000000ccc80000, 0x00000000eab00000)
  object space 209408K, 86% used [0x00000000c0000000,0x00000000cb1e8b90,0x00000000ccc80000)
 Metaspace       used 55246K, committed 56320K, reserved 1114112K
  class space    used 5962K, committed 6464K, reserved 1048576K
}
Event: 25.854 GC heap after
{Heap after GC invocations=271 (full 13):
 PSYoungGen      total 5632K, used 2348K [0x00000000eab00000, 0x00000000eb580000, 0x0000000100000000)
  eden space 3072K, 0% used [0x00000000eab00000,0x00000000eab00000,0x00000000eae00000)
  from space 2560K, 91% used [0x00000000eb300000,0x00000000eb54b068,0x00000000eb580000)
  to   space 3584K, 0% used [0x00000000eae80000,0x00000000eae80000,0x00000000eb200000)
 ParOldGen       total 209408K, used 184746K [0x00000000c0000000, 0x00000000ccc80000, 0x00000000eab00000)
  object space 209408K, 88% used [0x00000000c0000000,0x00000000cb46ab90,0x00000000ccc80000)
 Metaspace       used 55246K, committed 56320K, reserved 1114112K
  class space    used 5962K, committed 6464K, reserved 1048576K
}
Event: 32.230 GC heap before
{Heap before GC invocations=272 (full 13):
 PSYoungGen      total 5632K, used 5420K [0x00000000eab00000, 0x00000000eb580000, 0x0000000100000000)
  eden space 3072K, 100% used [0x00000000eab00000,0x00000000eae00000,0x00000000eae00000)
  from space 2560K, 91% used [0x00000000eb300000,0x00000000eb54b068,0x00000000eb580000)
  to   space 3584K, 0% used [0x00000000eae80000,0x00000000eae80000,0x00000000eb200000)
 ParOldGen       total 209408K, used 184746K [0x00000000c0000000, 0x00000000ccc80000, 0x00000000eab00000)
  object space 209408K, 88% used [0x00000000c0000000,0x00000000cb46ab90,0x00000000ccc80000)
 Metaspace       used 55280K, committed 56320K, reserved 1114112K
  class space    used 5964K, committed 6464K, reserved 1048576K
}
Event: 32.234 GC heap after
{Heap after GC invocations=272 (full 13):
 PSYoungGen      total 5120K, used 1489K [0x00000000eab00000, 0x00000000eb380000, 0x0000000100000000)
  eden space 3584K, 0% used [0x00000000eab00000,0x00000000eab00000,0x00000000eae80000)
  from space 1536K, 96% used [0x00000000eae80000,0x00000000eaff4468,0x00000000eb000000)
  to   space 2048K, 0% used [0x00000000eb180000,0x00000000eb180000,0x00000000eb380000)
 ParOldGen       total 209408K, used 185768K [0x00000000c0000000, 0x00000000ccc80000, 0x00000000eab00000)
  object space 209408K, 88% used [0x00000000c0000000,0x00000000cb56a280,0x00000000ccc80000)
 Metaspace       used 55280K, committed 56320K, reserved 1114112K
  class space    used 5964K, committed 6464K, reserved 1048576K
}
Event: 65.524 GC heap before
{Heap before GC invocations=273 (full 13):
 PSYoungGen      total 5120K, used 5073K [0x00000000eab00000, 0x00000000eb380000, 0x0000000100000000)
  eden space 3584K, 99% used [0x00000000eab00000,0x00000000eae7ffe0,0x00000000eae80000)
  from space 1536K, 96% used [0x00000000eae80000,0x00000000eaff4468,0x00000000eb000000)
  to   space 2048K, 0% used [0x00000000eb180000,0x00000000eb180000,0x00000000eb380000)
 ParOldGen       total 209408K, used 185768K [0x00000000c0000000, 0x00000000ccc80000, 0x00000000eab00000)
  object space 209408K, 88% used [0x00000000c0000000,0x00000000cb56a280,0x00000000ccc80000)
 Metaspace       used 55317K, committed 56320K, reserved 1114112K
  class space    used 5964K, committed 6464K, reserved 1048576K
}
Event: 65.526 GC heap after
{Heap after GC invocations=273 (full 13):
 PSYoungGen      total 4096K, used 288K [0x00000000eab00000, 0x00000000eb200000, 0x0000000100000000)
  eden space 3584K, 0% used [0x00000000eab00000,0x00000000eab00000,0x00000000eae80000)
  from space 512K, 56% used [0x00000000eb180000,0x00000000eb1c8000,0x00000000eb200000)
  to   space 1024K, 0% used [0x00000000eb000000,0x00000000eb000000,0x00000000eb100000)
 ParOldGen       total 209408K, used 187185K [0x00000000c0000000, 0x00000000ccc80000, 0x00000000eab00000)
  object space 209408K, 89% used [0x00000000c0000000,0x00000000cb6cc6e8,0x00000000ccc80000)
 Metaspace       used 55317K, committed 56320K, reserved 1114112K
  class space    used 5964K, committed 6464K, reserved 1048576K
}

